  Source.cpp
C:\Users\rares\OneDrive\Desktop\An 2 Facultate\Modul 2\Structuri de date\Template\Template\Array.h(95,21): warning C4018: '<': signed/unsigned mismatch
C:\Users\rares\OneDrive\Desktop\An 2 Facultate\Modul 2\Structuri de date\Template\Template\Array.h(85): message : while compiling class template member function 'Array<T>::Array(const Array<T> &)'
          with
          [
              T=int
          ]
C:\Users\rares\OneDrive\Desktop\An 2 Facultate\Modul 2\Structuri de date\Template\Template\QueueArray.h(35): message : see reference to function template instantiation 'Array<T>::Array(const Array<T> &)' being compiled
          with
          [
              T=int
          ]
C:\Users\rares\OneDrive\Desktop\An 2 Facultate\Modul 2\Structuri de date\Template\Template\QueueArray.h(16): message : see reference to class template instantiation 'Array<T>' being compiled
          with
          [
              T=int
          ]
C:\Users\rares\OneDrive\Desktop\An 2 Facultate\Modul 2\Structuri de date\Template\Template\StackFrom2Queues.h(13): message : see reference to class template instantiation 'QueueArray<T>' being compiled
          with
          [
              T=int
          ]
C:\Users\rares\OneDrive\Desktop\An 2 Facultate\Modul 2\Structuri de date\Template\Template\Source.cpp(104): message : see reference to class template instantiation 'StackFromQueues<int>' being compiled
C:\Users\rares\OneDrive\Desktop\An 2 Facultate\Modul 2\Structuri de date\Template\Template\QueueArray.h(56): warning C4715: 'QueueArray<int>::getHead': not all control paths return a value
  Template.vcxproj -> C:\Users\rares\OneDrive\Desktop\An 2 Facultate\Modul 2\Structuri de date\Template\Template\x64\Debug\Template.exe
